[04-Nov-2024 16:07:47 UTC] PHP Fatal error:  Uncaught Error: Call to undefined function spacexchimp_p005_plugin() in C:\Users\Amy\Local Sites\newshub\app\public\wp-content\plugins\Custom Social\inc\php\versioning.php:18
Stack trace:
#0 C:\Users\Amy\Local Sites\newshub\app\public\wp-content\plugins\Custom Social\inc\php\versioning.php(106): spacexchimp_p005_versioning()
#1 C:\Users\Amy\Local Sites\newshub\app\public\wp-content\plugins\Custom Social\social-media-buttons-toolbar.php(74): require_once('C:\\Users\\Amy\\Lo...')
#2 C:\Users\Amy\Local Sites\newshub\app\public\wp-admin\includes\plugin.php(2387): include_once('C:\\Users\\Amy\\Lo...')
#3 C:\Users\Amy\Local Sites\newshub\app\public\wp-admin\includes\plugin.php(673): plugin_sandbox_scrape(Array)
#4 C:\Users\Amy\Local Sites\newshub\app\public\wp-admin\plugins.php(60): activate_plugin('Custom Social/s...', 'http://newshub....', false)
#5 {main}
  thrown in C:\Users\Amy\Local Sites\newshub\app\public\wp-content\plugins\Custom Social\inc\php\versioning.php on line 18
[04-Nov-2024 16:16:13 UTC] PHP Fatal error:  Uncaught Error: Call to undefined function spacexchimp_p005_plugin() in C:\Users\Amy\Local Sites\newshub\app\public\wp-content\plugins\Custom Social\inc\php\versioning.php:18
Stack trace:
#0 C:\Users\Amy\Local Sites\newshub\app\public\wp-content\plugins\Custom Social\inc\php\versioning.php(106): spacexchimp_p005_versioning()
#1 C:\Users\Amy\Local Sites\newshub\app\public\wp-content\plugins\Custom Social\social-media-buttons-toolbar.php(74): require_once('C:\\Users\\Amy\\Lo...')
#2 C:\Users\Amy\Local Sites\newshub\app\public\wp-admin\includes\plugin.php(2387): include_once('C:\\Users\\Amy\\Lo...')
#3 C:\Users\Amy\Local Sites\newshub\app\public\wp-admin\includes\plugin.php(673): plugin_sandbox_scrape(Array)
#4 C:\Users\Amy\Local Sites\newshub\app\public\wp-admin\plugins.php(60): activate_plugin('Custom Social/s...', 'http://newshub....', false)
#5 {main}
  thrown in C:\Users\Amy\Local Sites\newshub\app\public\wp-content\plugins\Custom Social\inc\php\versioning.php on line 18
[04-Nov-2024 16:16:41 UTC] PHP Fatal error:  Uncaught Error: Call to undefined function spacexchimp_p005_plugin() in C:\Users\Amy\Local Sites\newshub\app\public\wp-content\plugins\Custom Social\inc\php\versioning.php:18
Stack trace:
#0 C:\Users\Amy\Local Sites\newshub\app\public\wp-content\plugins\Custom Social\inc\php\versioning.php(106): spacexchimp_p005_versioning()
#1 C:\Users\Amy\Local Sites\newshub\app\public\wp-content\plugins\Custom Social\social-media-buttons-toolbar.php(74): require_once('C:\\Users\\Amy\\Lo...')
#2 C:\Users\Amy\Local Sites\newshub\app\public\wp-admin\includes\plugin.php(2387): include_once('C:\\Users\\Amy\\Lo...')
#3 C:\Users\Amy\Local Sites\newshub\app\public\wp-admin\includes\plugin.php(673): plugin_sandbox_scrape(Array)
#4 C:\Users\Amy\Local Sites\newshub\app\public\wp-admin\plugins.php(60): activate_plugin('Custom Social/s...', 'http://newshub....', false)
#5 {main}
  thrown in C:\Users\Amy\Local Sites\newshub\app\public\wp-content\plugins\Custom Social\inc\php\versioning.php on line 18
[04-Nov-2024 16:16:49 UTC] PHP Fatal error:  Uncaught Error: Call to undefined function spacexchimp_p005_plugin() in C:\Users\Amy\Local Sites\newshub\app\public\wp-content\plugins\Custom Social\inc\php\versioning.php:18
Stack trace:
#0 C:\Users\Amy\Local Sites\newshub\app\public\wp-content\plugins\Custom Social\inc\php\versioning.php(106): spacexchimp_p005_versioning()
#1 C:\Users\Amy\Local Sites\newshub\app\public\wp-content\plugins\Custom Social\social-media-buttons-toolbar.php(74): require_once('C:\\Users\\Amy\\Lo...')
#2 C:\Users\Amy\Local Sites\newshub\app\public\wp-admin\includes\plugin.php(1326): include_once('C:\\Users\\Amy\\Lo...')
#3 C:\Users\Amy\Local Sites\newshub\app\public\wp-admin\includes\plugin.php(970): uninstall_plugin(Array)
#4 C:\Users\Amy\Local Sites\newshub\app\public\wp-admin\includes\ajax-actions.php(4770): delete_plugins(Array)
#5 C:\Users\Amy\Local Sites\newshub\app\public\wp-includes\class-wp-hook.php(324): wp_ajax_delete_plugin('')
#6 C:\Users\Amy\Local Sites\newshub\app\public\wp-includes\class-wp-hook.php(348): WP_Hook->apply_filters('', Array)
#7 C:\Users\Amy\Local Sites\newshub\app\public\wp-includes\plugin.php(517): WP_Hook->do_action(Array)
#8 C:\Users\Amy\Local Sites\newshub\app\public\wp-admin\admin-ajax.php(192): do_action('wp_ajax_delete-...')
#9 {main}
  thrown in C:\Users\Amy\Local Sites\newshub\app\public\wp-content\plugins\Custom Social\inc\php\versioning.php on line 18
